<?xml version="1.0" encoding="UTF-8"?>
<!-- Generated by org.testng.reporters.JUnitReportReporter -->
<testsuite hostname="admin" failures="0" tests="6" name="TestNG.GroupExe" time="0.036" errors="0" timestamp="2023-06-17T20:23:31 IST" skipped="0">
  <testcase classname="TestNG.GroupExe" name="AdminReg" time="0.007"/>
  <system-out/>
  <testcase classname="TestNG.GroupExe" name="MerLogin" time="0.007"/>
  <system-out/>
  <testcase classname="TestNG.GroupExe" name="MerReg" time="0.005"/>
  <system-out/>
  <testcase classname="TestNG.GroupExe" name="AdminLogin" time="0.008"/>
  <system-out/>
  <testcase classname="TestNG.GroupExe" name="UserLogin" time="0.003"/>
  <system-out/>
  <testcase classname="TestNG.GroupExe" name="UserReg" time="0.006"/>
  <system-out/>
</testsuite> <!-- TestNG.GroupExe -->
