<?xml version="1.0" encoding="UTF-8"?>
<!-- Generated by org.testng.reporters.JUnitReportReporter -->
<testsuite hostname="admin" failures="0" tests="4" name="Annotations" time="0.021" errors="0" timestamp="2023-06-11T10:41:19 IST" skipped="0">
  <testcase classname="Annotations" name="reg" time="0.008"/>
  <system-out>
    <![CDATA[User A registered]]>
  </system-out>
  <testcase classname="Annotations" name="reg" time="0.006"/>
  <system-out>
    <![CDATA[User D registered]]>
  </system-out>
  <testcase classname="Annotations" name="reg" time="0.004"/>
  <system-out>
    <![CDATA[User C registered]]>
  </system-out>
  <testcase classname="Annotations" name="reg" time="0.003"/>
  <system-out>
    <![CDATA[User B registered]]>
  </system-out>
</testsuite> <!-- Annotations -->
