<?xml version="1.0" encoding="UTF-8"?>
<!-- Generated by org.testng.reporters.JUnitReportReporter -->
<testsuite hostname="admin" failures="0" tests="1" name="Test1" time="0.019" errors="0" timestamp="2023-06-11T11:42:03 IST" skipped="0">
  <testcase classname="Test1" name="TestOne" time="0.019"/>
  <system-out>
    <![CDATA[Test1]]>
  </system-out>
</testsuite> <!-- Test1 -->
