<?xml version="1.0" encoding="UTF-8"?>
<!-- Generated by org.testng.reporters.JUnitReportReporter -->
<testsuite hostname="admin" failures="0" tests="4" name="TestNG.Practice" time="0.024" errors="0" timestamp="2023-06-04T13:00:14 IST" skipped="0">
  <testcase classname="TestNG.Practice" name="register" time="0.014"/>
  <system-out>
    <![CDATA[register]]>
  </system-out>
  <testcase classname="TestNG.Practice" name="login" time="0.002"/>
  <system-out>
    <![CDATA[login]]>
  </system-out>
  <testcase classname="TestNG.Practice" name="edit" time="0.005"/>
  <system-out>
    <![CDATA[edit]]>
  </system-out>
  <testcase classname="TestNG.Practice" name="delete" time="0.003"/>
  <system-out>
    <![CDATA[delete]]>
  </system-out>
</testsuite> <!-- TestNG.Practice -->
